\BOOKMARK [0][-]{chapter.1}{Wstep}{}% 1
\BOOKMARK [1][-]{section.1.1}{Cel Aplikacji}{chapter.1}% 2
\BOOKMARK [0][-]{chapter.2}{Zalozenia projektu}{}% 3
\BOOKMARK [1][-]{subsection.2.0.1}{Zalozenia aplikacji}{chapter.2}% 4
\BOOKMARK [0][-]{chapter.3}{Przyswajanie wiedzy}{}% 5
\BOOKMARK [1][-]{section.3.1}{Interwaly potw\363rzen}{chapter.3}% 6
\BOOKMARK [1][-]{section.3.2}{Efekt przewagi obraz\363w}{chapter.3}% 7
\BOOKMARK [0][-]{chapter.4}{.NET}{}% 8
\BOOKMARK [1][-]{section.4.1}{Implementacje .NET}{chapter.4}% 9
\BOOKMARK [2][-]{subsection.4.1.1}{.NET Core}{section.4.1}% 10
\BOOKMARK [2][-]{subsection.4.1.2}{.NET Framework}{section.4.1}% 11
\BOOKMARK [2][-]{subsection.4.1.3}{Mono}{section.4.1}% 12
\BOOKMARK [2][-]{subsection.4.1.4}{Universal Windows Platform \(UWP\)}{section.4.1}% 13
\BOOKMARK [1][-]{section.4.2}{C\043}{chapter.4}% 14
\BOOKMARK [0][-]{chapter.5}{ASP.NET MVC}{}% 15
\BOOKMARK [1][-]{section.5.1}{Model-Widok-Kontroler}{chapter.5}% 16
\BOOKMARK [1][-]{section.5.2}{Wzorzec Repozytorium}{chapter.5}% 17
\BOOKMARK [1][-]{section.5.3}{Jednostka Pracy}{chapter.5}% 18
\BOOKMARK [1][-]{section.5.4}{Mapowanie obiektowo-relacyjne}{chapter.5}% 19
\BOOKMARK [1][-]{section.5.5}{Wstrzykiwanie zaleznosci}{chapter.5}% 20
\BOOKMARK [0][-]{chapter.6}{Microsoft SQL Server}{}% 21
\BOOKMARK [0][-]{chapter.7}{Testy}{}% 22
\BOOKMARK [1][-]{section.7.1}{Testy Jednostkowe}{chapter.7}% 23
\BOOKMARK [1][-]{section.7.2}{Testy Integracyjne}{chapter.7}% 24
\BOOKMARK [0][-]{chapter.8}{Kaskadowe Arkusze Styli}{}% 25
\BOOKMARK [1][-]{section.8.1}{Syntaktycznie Zarabiste Arkusze Styli}{chapter.8}% 26
\BOOKMARK [0][-]{chapter.9}{Scala}{}% 27
\BOOKMARK [1][-]{section.9.1}{Javascript}{chapter.9}% 28
\BOOKMARK [1][-]{section.9.2}{Scala w wersji JS}{chapter.9}% 29
\BOOKMARK [2][-]{subsection.9.2.1}{sbt}{section.9.2}% 30
\BOOKMARK [2][-]{subsection.9.2.2}{Proces budowania projektu}{section.9.2}% 31
\BOOKMARK [2][-]{subsection.9.2.3}{Hello World}{section.9.2}% 32
\BOOKMARK [0][-]{chapter.10}{Opis aplikacji}{}% 33
\BOOKMARK [0][-]{chapter.11}{Podsumowanie oraz wnioski}{}% 34
